<?xml version="1.0" encoding="UTF-8"?>
<!-- Generated by org.testng.reporters.JUnitXMLReporter -->
<testsuite ignored="0" hostname="DESKTOP-NDF10SU" failures="0" tests="2" name="Error Validations Test" time="74.532" errors="0" timestamp="2024-03-17T14:43:58 IST">
  <testcase classname="rahulshettyacademy.tests.ErrorValidationsTest" name="LoginErrorValidation" time="5.982"/>
  <testcase classname="rahulshettyacademy.tests.ErrorValidationsTest" name="ProductErrorValidation" time="6.291"/>
</testsuite> <!-- Error Validations Test -->
