<?xml version="1.0" encoding="UTF-8"?>
<testng-results ignored="0" total="3" passed="3" failed="0" skipped="0">
  <reporter-output>
  </reporter-output>
  <suite started-at="2024-03-20T16:45:35 IST" name="Suite" finished-at="2024-03-20T16:46:40 IST" duration-ms="65590">
    <groups>
      <group name="Purchase">
        <method signature="SubmitOrderTest.submitOrder(java.util.HashMap)[pri:0, instance:rahulshettyacademy.tests.SubmitOrderTest@595b007d]" name="submitOrder" class="rahulshettyacademy.tests.SubmitOrderTest"/>
        <method signature="SubmitOrderTest.OrderHistoryTest()[pri:0, instance:rahulshettyacademy.tests.SubmitOrderTest@595b007d]" name="OrderHistoryTest" class="rahulshettyacademy.tests.SubmitOrderTest"/>
      </group> <!-- Purchase -->
    </groups>
    <test started-at="2024-03-20T16:45:35 IST" name="Error Validations Test" finished-at="2024-03-20T16:45:35 IST" duration-ms="21">
    </test> <!-- Error Validations Test -->
    <test started-at="2024-03-20T16:45:35 IST" name="Submit Order Test" finished-at="2024-03-20T16:46:40 IST" duration-ms="65590">
      <class name="rahulshettyacademy.tests.SubmitOrderTest">
        <test-method is-config="true" signature="launchApplication()[pri:0, instance:rahulshettyacademy.tests.SubmitOrderTest@595b007d]" started-at="2024-03-20T16:45:35 IST" name="launchApplication" finished-at="2024-03-20T16:45:59 IST" duration-ms="23931" status="PASS">
          <reporter-output>
          </reporter-output>
        </test-method> <!-- launchApplication -->
        <test-method signature="submitOrder(java.util.HashMap)[pri:0, instance:rahulshettyacademy.tests.SubmitOrderTest@595b007d]" started-at="2024-03-20T16:45:59 IST" name="submitOrder" data-provider="getData" finished-at="2024-03-20T16:46:18 IST" duration-ms="19040" status="PASS">
          <params>
            <param index="0">
              <value>
                <![CDATA[{password=Iamking@000, product=ZARA COAT 3, email=anshika@gmail.com}]]>
              </value>
            </param>
          </params>
          <reporter-output>
          </reporter-output>
        </test-method> <!-- submitOrder -->
        <test-method is-config="true" signature="tearDown()[pri:0, instance:rahulshettyacademy.tests.SubmitOrderTest@595b007d]" started-at="2024-03-20T16:46:18 IST" name="tearDown" finished-at="2024-03-20T16:46:19 IST" duration-ms="426" status="PASS">
          <reporter-output>
          </reporter-output>
        </test-method> <!-- tearDown -->
        <test-method is-config="true" signature="launchApplication()[pri:0, instance:rahulshettyacademy.tests.SubmitOrderTest@595b007d]" started-at="2024-03-20T16:46:19 IST" name="launchApplication" finished-at="2024-03-20T16:46:24 IST" duration-ms="4834" status="PASS">
          <reporter-output>
          </reporter-output>
        </test-method> <!-- launchApplication -->
        <test-method signature="submitOrder(java.util.HashMap)[pri:0, instance:rahulshettyacademy.tests.SubmitOrderTest@595b007d]" started-at="2024-03-20T16:46:24 IST" name="submitOrder" data-provider="getData" finished-at="2024-03-20T16:46:28 IST" duration-ms="4400" status="PASS">
          <params>
            <param index="0">
              <value>
                <![CDATA[{password=Iamking@000, product=ADIDAS ORIGINAL, email=shetty@gmail.com}]]>
              </value>
            </param>
          </params>
          <reporter-output>
          </reporter-output>
        </test-method> <!-- submitOrder -->
        <test-method is-config="true" signature="tearDown()[pri:0, instance:rahulshettyacademy.tests.SubmitOrderTest@595b007d]" started-at="2024-03-20T16:46:28 IST" name="tearDown" finished-at="2024-03-20T16:46:29 IST" duration-ms="1028" status="PASS">
          <reporter-output>
          </reporter-output>
        </test-method> <!-- tearDown -->
        <test-method is-config="true" signature="launchApplication()[pri:0, instance:rahulshettyacademy.tests.SubmitOrderTest@595b007d]" started-at="2024-03-20T16:46:29 IST" name="launchApplication" finished-at="2024-03-20T16:46:38 IST" duration-ms="8989" status="PASS">
          <reporter-output>
          </reporter-output>
        </test-method> <!-- launchApplication -->
        <test-method signature="OrderHistoryTest()[pri:0, instance:rahulshettyacademy.tests.SubmitOrderTest@595b007d]" started-at="2024-03-20T16:46:38 IST" name="OrderHistoryTest" finished-at="2024-03-20T16:46:40 IST" depends-on-methods="rahulshettyacademy.tests.SubmitOrderTest.submitOrder" duration-ms="1494" status="PASS">
          <reporter-output>
          </reporter-output>
        </test-method> <!-- OrderHistoryTest -->
        <test-method is-config="true" signature="tearDown()[pri:0, instance:rahulshettyacademy.tests.SubmitOrderTest@595b007d]" started-at="2024-03-20T16:46:40 IST" name="tearDown" finished-at="2024-03-20T16:46:40 IST" duration-ms="588" status="PASS">
          <reporter-output>
          </reporter-output>
        </test-method> <!-- tearDown -->
      </class> <!-- rahulshettyacademy.tests.SubmitOrderTest -->
    </test> <!-- Submit Order Test -->
  </suite> <!-- Suite -->
</testng-results>
