<?xml version="1.0" encoding="UTF-8"?>
<testng-results ignored="0" total="3" passed="3" failed="0" skipped="0">
  <reporter-output>
  </reporter-output>
  <suite started-at="2024-03-18T15:00:59 IST" name="Suite" finished-at="2024-03-18T15:01:56 IST" duration-ms="57321">
    <groups>
      <group name="Purchase">
        <method signature="SubmitOrderTest.submitOrder(java.util.HashMap)[pri:0, instance:rahulshettyacademy.tests.SubmitOrderTest@595b007d]" name="submitOrder" class="rahulshettyacademy.tests.SubmitOrderTest"/>
        <method signature="SubmitOrderTest.OrderHistoryTest()[pri:0, instance:rahulshettyacademy.tests.SubmitOrderTest@595b007d]" name="OrderHistoryTest" class="rahulshettyacademy.tests.SubmitOrderTest"/>
      </group> <!-- Purchase -->
    </groups>
    <test started-at="2024-03-18T15:00:59 IST" name="Error Validations Test" finished-at="2024-03-18T15:00:59 IST" duration-ms="29">
    </test> <!-- Error Validations Test -->
    <test started-at="2024-03-18T15:00:59 IST" name="Submit Order Test" finished-at="2024-03-18T15:01:56 IST" duration-ms="57321">
      <class name="rahulshettyacademy.tests.SubmitOrderTest">
        <test-method is-config="true" signature="launchApplication()[pri:0, instance:rahulshettyacademy.tests.SubmitOrderTest@595b007d]" started-at="2024-03-18T15:01:00 IST" name="launchApplication" finished-at="2024-03-18T15:01:22 IST" duration-ms="22325" status="PASS">
          <reporter-output>
          </reporter-output>
        </test-method> <!-- launchApplication -->
        <test-method signature="submitOrder(java.util.HashMap)[pri:0, instance:rahulshettyacademy.tests.SubmitOrderTest@595b007d]" started-at="2024-03-18T15:01:22 IST" name="submitOrder" data-provider="getData" finished-at="2024-03-18T15:01:29 IST" duration-ms="6608" status="PASS">
          <params>
            <param index="0">
              <value>
                <![CDATA[{password=Iamking@000, product=ZARA COAT 3, email=anshika@gmail.com}]]>
              </value>
            </param>
          </params>
          <reporter-output>
          </reporter-output>
        </test-method> <!-- submitOrder -->
        <test-method is-config="true" signature="tearDown()[pri:0, instance:rahulshettyacademy.tests.SubmitOrderTest@595b007d]" started-at="2024-03-18T15:01:29 IST" name="tearDown" finished-at="2024-03-18T15:01:29 IST" duration-ms="199" status="PASS">
          <reporter-output>
          </reporter-output>
        </test-method> <!-- tearDown -->
        <test-method is-config="true" signature="launchApplication()[pri:0, instance:rahulshettyacademy.tests.SubmitOrderTest@595b007d]" started-at="2024-03-18T15:01:29 IST" name="launchApplication" finished-at="2024-03-18T15:01:47 IST" duration-ms="17900" status="PASS">
          <reporter-output>
          </reporter-output>
        </test-method> <!-- launchApplication -->
        <test-method signature="submitOrder(java.util.HashMap)[pri:0, instance:rahulshettyacademy.tests.SubmitOrderTest@595b007d]" started-at="2024-03-18T15:01:47 IST" name="submitOrder" data-provider="getData" finished-at="2024-03-18T15:01:50 IST" duration-ms="3452" status="PASS">
          <params>
            <param index="0">
              <value>
                <![CDATA[{password=Iamking@000, product=ADIDAS ORIGINAL, email=shetty@gmail.com}]]>
              </value>
            </param>
          </params>
          <reporter-output>
          </reporter-output>
        </test-method> <!-- submitOrder -->
        <test-method is-config="true" signature="tearDown()[pri:0, instance:rahulshettyacademy.tests.SubmitOrderTest@595b007d]" started-at="2024-03-18T15:01:50 IST" name="tearDown" finished-at="2024-03-18T15:01:51 IST" duration-ms="119" status="PASS">
          <reporter-output>
          </reporter-output>
        </test-method> <!-- tearDown -->
        <test-method is-config="true" signature="launchApplication()[pri:0, instance:rahulshettyacademy.tests.SubmitOrderTest@595b007d]" started-at="2024-03-18T15:01:51 IST" name="launchApplication" finished-at="2024-03-18T15:01:54 IST" duration-ms="3159" status="PASS">
          <reporter-output>
          </reporter-output>
        </test-method> <!-- launchApplication -->
        <test-method signature="OrderHistoryTest()[pri:0, instance:rahulshettyacademy.tests.SubmitOrderTest@595b007d]" started-at="2024-03-18T15:01:54 IST" name="OrderHistoryTest" finished-at="2024-03-18T15:01:55 IST" depends-on-methods="rahulshettyacademy.tests.SubmitOrderTest.submitOrder" duration-ms="1488" status="PASS">
          <reporter-output>
          </reporter-output>
        </test-method> <!-- OrderHistoryTest -->
        <test-method is-config="true" signature="tearDown()[pri:0, instance:rahulshettyacademy.tests.SubmitOrderTest@595b007d]" started-at="2024-03-18T15:01:55 IST" name="tearDown" finished-at="2024-03-18T15:01:56 IST" duration-ms="1210" status="PASS">
          <reporter-output>
          </reporter-output>
        </test-method> <!-- tearDown -->
      </class> <!-- rahulshettyacademy.tests.SubmitOrderTest -->
    </test> <!-- Submit Order Test -->
  </suite> <!-- Suite -->
</testng-results>
